[2015-05-13 18:22:52] myapp.DEBUG: Testing the Monolog logging. [] []
[2015-05-13 18:22:52] myapp.INFO: Matched route "GET_" (parameters: "_controller": "{}", "_route": "GET_") [] []
[2015-05-13 18:22:52] myapp.INFO: > GET / [] []
[2015-05-13 18:22:52] myapp.INFO: < 200 [] []
[2015-05-13 18:23:00] myapp.DEBUG: Testing the Monolog logging. [] []
[2015-05-13 18:23:00] myapp.INFO: Matched route "GET_hello_name" (parameters: "_controller": "{}", "name": "world", "_route": "GET_hello_name") [] []
[2015-05-13 18:23:00] myapp.INFO: > GET /hello/world [] []
[2015-05-13 18:23:00] myapp.INFO: < 200 [] []
[2015-05-15 15:21:38] myapp.DEBUG: Testing the Monolog logging. [] []
[2015-05-15 15:21:38] myapp.INFO: Matched route "GET_" (parameters: "_controller": "{}", "_route": "GET_") [] []
[2015-05-15 15:21:38] myapp.INFO: > GET / [] []
[2015-05-15 15:21:38] myapp.INFO: < 200 [] []
[2015-05-15 15:21:41] myapp.DEBUG: Testing the Monolog logging. [] []
[2015-05-15 15:21:41] myapp.INFO: Matched route "GET_" (parameters: "_controller": "{}", "_route": "GET_") [] []
[2015-05-15 15:21:41] myapp.INFO: > GET / [] []
[2015-05-15 15:21:41] myapp.INFO: < 200 [] []
[2015-05-15 15:27:21] myapp.INFO: Matched route "GET_" (parameters: "_controller": "{}", "_route": "GET_") [] []
[2015-05-15 15:27:21] myapp.INFO: > GET / [] []
[2015-05-15 15:27:21] myapp.INFO: < 200 [] []
[2015-05-15 15:28:01] myapp.INFO: Matched route "GET_" (parameters: "_controller": "{}", "_route": "GET_") [] []
[2015-05-15 15:28:01] myapp.INFO: > GET / [] []
[2015-05-15 15:28:01] myapp.INFO: < 200 [] []
[2015-05-15 15:28:42] myapp.INFO: Matched route "GET_" (parameters: "_controller": "{}", "_route": "GET_") [] []
[2015-05-15 15:28:42] myapp.INFO: > GET / [] []
[2015-05-15 15:28:42] myapp.INFO: < 200 [] []
[2015-05-15 15:28:43] myapp.INFO: Matched route "GET_" (parameters: "_controller": "{}", "_route": "GET_") [] []
[2015-05-15 15:28:43] myapp.INFO: > GET / [] []
[2015-05-15 15:28:43] myapp.INFO: < 200 [] []
[2015-05-15 15:28:44] myapp.INFO: Matched route "GET_" (parameters: "_controller": "{}", "_route": "GET_") [] []
[2015-05-15 15:28:44] myapp.INFO: > GET / [] []
[2015-05-15 15:28:44] myapp.INFO: < 200 [] []
[2015-05-15 15:28:44] myapp.INFO: Matched route "GET_" (parameters: "_controller": "{}", "_route": "GET_") [] []
[2015-05-15 15:28:44] myapp.INFO: > GET / [] []
[2015-05-15 15:28:44] myapp.INFO: < 200 [] []
[2015-05-15 15:28:44] myapp.INFO: Matched route "GET_" (parameters: "_controller": "{}", "_route": "GET_") [] []
[2015-05-15 15:28:44] myapp.INFO: > GET / [] []
[2015-05-15 15:28:44] myapp.INFO: < 200 [] []
[2015-05-15 15:28:45] myapp.INFO: Matched route "GET_" (parameters: "_controller": "{}", "_route": "GET_") [] []
[2015-05-15 15:28:45] myapp.INFO: > GET / [] []
[2015-05-15 15:28:45] myapp.INFO: < 200 [] []
[2015-05-15 15:28:45] myapp.INFO: Matched route "GET_" (parameters: "_controller": "{}", "_route": "GET_") [] []
[2015-05-15 15:28:45] myapp.INFO: > GET / [] []
[2015-05-15 15:28:45] myapp.INFO: < 200 [] []
[2015-05-15 15:28:45] myapp.INFO: Matched route "GET_" (parameters: "_controller": "{}", "_route": "GET_") [] []
[2015-05-15 15:28:45] myapp.INFO: > GET / [] []
[2015-05-15 15:28:45] myapp.INFO: < 200 [] []
[2015-05-15 15:28:45] myapp.INFO: Matched route "GET_" (parameters: "_controller": "{}", "_route": "GET_") [] []
[2015-05-15 15:28:45] myapp.INFO: > GET / [] []
[2015-05-15 15:28:45] myapp.INFO: < 200 [] []
[2015-05-15 15:28:45] myapp.INFO: Matched route "GET_" (parameters: "_controller": "{}", "_route": "GET_") [] []
[2015-05-15 15:28:45] myapp.INFO: > GET / [] []
[2015-05-15 15:28:45] myapp.INFO: < 200 [] []
[2015-05-15 15:28:46] myapp.INFO: Matched route "GET_" (parameters: "_controller": "{}", "_route": "GET_") [] []
[2015-05-15 15:28:46] myapp.INFO: > GET / [] []
[2015-05-15 15:28:46] myapp.INFO: < 200 [] []
[2015-05-15 15:30:06] myapp.INFO: Matched route "GET_" (parameters: "_controller": "{}", "_route": "GET_") [] []
[2015-05-15 15:30:06] myapp.INFO: > GET / [] []
[2015-05-15 15:30:06] myapp.INFO: < 200 [] []
[2015-05-15 15:31:02] myapp.INFO: Matched route "GET_" (parameters: "_controller": "{}", "_route": "GET_") [] []
[2015-05-15 15:31:02] myapp.INFO: > GET / [] []
[2015-05-15 15:31:02] myapp.INFO: < 200 [] []
[2015-05-15 15:31:04] myapp.INFO: Matched route "GET_" (parameters: "_controller": "{}", "_route": "GET_") [] []
[2015-05-15 15:31:04] myapp.INFO: > GET / [] []
[2015-05-15 15:31:04] myapp.INFO: < 200 [] []
[2015-05-15 15:31:05] myapp.INFO: Matched route "GET_" (parameters: "_controller": "{}", "_route": "GET_") [] []
[2015-05-15 15:31:05] myapp.INFO: > GET / [] []
[2015-05-15 15:31:05] myapp.INFO: < 200 [] []
[2015-05-15 15:32:52] myapp.INFO: Matched route "GET_" (parameters: "_controller": "{}", "_route": "GET_") [] []
[2015-05-15 15:32:52] myapp.INFO: > GET / [] []
[2015-05-15 15:32:52] myapp.INFO: < 200 [] []
[2015-05-15 15:32:53] myapp.INFO: Matched route "GET_" (parameters: "_controller": "{}", "_route": "GET_") [] []
[2015-05-15 15:32:53] myapp.INFO: > GET / [] []
[2015-05-15 15:32:53] myapp.INFO: < 200 [] []
[2015-05-15 15:32:53] myapp.INFO: Matched route "GET_" (parameters: "_controller": "{}", "_route": "GET_") [] []
[2015-05-15 15:32:53] myapp.INFO: > GET / [] []
[2015-05-15 15:32:53] myapp.INFO: < 200 [] []
[2015-05-15 15:32:54] myapp.INFO: Matched route "GET_" (parameters: "_controller": "{}", "_route": "GET_") [] []
[2015-05-15 15:32:54] myapp.INFO: > GET / [] []
[2015-05-15 15:32:54] myapp.INFO: < 200 [] []
[2015-05-15 15:32:54] myapp.INFO: Matched route "GET_" (parameters: "_controller": "{}", "_route": "GET_") [] []
[2015-05-15 15:32:54] myapp.INFO: > GET / [] []
[2015-05-15 15:32:54] myapp.INFO: < 200 [] []
[2015-05-15 15:32:54] myapp.INFO: Matched route "GET_" (parameters: "_controller": "{}", "_route": "GET_") [] []
[2015-05-15 15:32:54] myapp.INFO: > GET / [] []
[2015-05-15 15:32:54] myapp.INFO: < 200 [] []
[2015-05-15 15:33:07] myapp.INFO: Matched route "GET_" (parameters: "_controller": "{}", "_route": "GET_") [] []
[2015-05-15 15:33:07] myapp.INFO: > GET / [] []
[2015-05-15 15:33:07] myapp.INFO: < 200 [] []
[2015-05-15 15:33:19] myapp.INFO: Matched route "GET_" (parameters: "_controller": "{}", "_route": "GET_") [] []
[2015-05-15 15:33:19] myapp.INFO: > GET / [] []
[2015-05-15 15:33:19] myapp.INFO: < 200 [] []
[2015-05-15 15:33:50] myapp.INFO: Matched route "GET_" (parameters: "_controller": "{}", "_route": "GET_") [] []
[2015-05-15 15:33:50] myapp.INFO: > GET / [] []
[2015-05-15 15:33:50] myapp.INFO: < 200 [] []
[2015-05-15 15:33:52] myapp.INFO: Matched route "GET_hello_name" (parameters: "_controller": "{}", "name": "yourname", "_route": "GET_hello_name") [] []
[2015-05-15 15:33:52] myapp.INFO: > GET /hello/yourname [] []
[2015-05-15 15:33:52] myapp.INFO: < 200 [] []
[2015-05-15 15:34:08] myapp.INFO: Matched route "GET_hello_name" (parameters: "_controller": "{}", "name": "yourname", "_route": "GET_hello_name") [] []
[2015-05-15 15:34:08] myapp.INFO: > GET /hello/yourname [] []
[2015-05-15 15:34:08] myapp.INFO: < 200 [] []
[2015-05-15 15:34:16] myapp.INFO: Matched route "GET_hello_name" (parameters: "_controller": "{}", "name": "yourname", "_route": "GET_hello_name") [] []
[2015-05-15 15:34:16] myapp.INFO: > GET /hello/yourname [] []
[2015-05-15 15:34:16] myapp.INFO: < 200 [] []
[2015-05-15 15:34:18] myapp.INFO: Matched route "GET_hello_name" (parameters: "_controller": "{}", "name": "yourname", "_route": "GET_hello_name") [] []
[2015-05-15 15:34:18] myapp.INFO: > GET /hello/yourname [] []
[2015-05-15 15:34:18] myapp.INFO: < 200 [] []
[2015-05-15 15:34:19] myapp.INFO: Matched route "GET_hello_name" (parameters: "_controller": "{}", "name": "yourname", "_route": "GET_hello_name") [] []
[2015-05-15 15:34:19] myapp.INFO: > GET /hello/yourname [] []
[2015-05-15 15:34:19] myapp.INFO: < 200 [] []
[2015-05-15 15:34:20] myapp.INFO: Matched route "GET_hello_name" (parameters: "_controller": "{}", "name": "yourname", "_route": "GET_hello_name") [] []
[2015-05-15 15:34:20] myapp.INFO: > GET /hello/yourname [] []
[2015-05-15 15:34:20] myapp.INFO: < 200 [] []
[2015-05-15 15:34:38] myapp.INFO: Matched route "GET_hello_name" (parameters: "_controller": "{}", "name": "yourname", "_route": "GET_hello_name") [] []
[2015-05-15 15:34:38] myapp.INFO: > GET /hello/yourname [] []
[2015-05-15 15:34:38] myapp.INFO: < 200 [] []
[2015-05-15 15:34:42] myapp.INFO: Matched route "GET_hello_name" (parameters: "_controller": "{}", "name": "nicolas", "_route": "GET_hello_name") [] []
[2015-05-15 15:34:42] myapp.INFO: > GET /hello/nicolas [] []
[2015-05-15 15:34:42] myapp.INFO: < 200 [] []
